
*** Running vivado
    with args -log mips_processor.vds -m64 -product Vivado -mode batch -messageDb vivado.pb -notrace -source mips_processor.tcl


****** Vivado v2018.2 (64-bit)
  **** SW Build 2258646 on Thu Jun 14 20:03:12 MDT 2018
  **** IP Build 2256618 on Thu Jun 14 22:10:49 MDT 2018
    ** Copyright 1986-2018 Xilinx, Inc. All Rights Reserved.

source mips_processor.tcl -notrace
Command: synth_design -top mips_processor -part xc7vx485tffg1157-1
Starting synth_design
Attempting to get a license for feature 'Synthesis' and/or device 'xc7vx485t'
INFO: [Common 17-349] Got license for feature 'Synthesis' and/or device 'xc7vx485t'
INFO: Launching helper process for spawning children vivado processes
INFO: Helper process launched with PID 23108 
---------------------------------------------------------------------------------
Starting Synthesize : Time (s): cpu = 00:00:02 ; elapsed = 00:00:02 . Memory (MB): peak = 381.629 ; gain = 76.664
---------------------------------------------------------------------------------
INFO: [Synth 8-6157] synthesizing module 'mips_processor' [D:/digital project/single_cycle_MIPS/mips_processor.v:1]
INFO: [Synth 8-6157] synthesizing module 'memory' [D:/digital project/single_cycle_MIPS/memory.v:1]
	Parameter DATA_WIDTH bound to: 32 - type: integer 
	Parameter MEMORY_SIZE bound to: 512 - type: integer 
	Parameter ADDRESS_WIDTH bound to: 9 - type: integer 

Warning: Trying to implement RAM in registers. Block RAM or DRAM implementation is not possible for one or more of the following reasons :
	1: Unable to determine number of words or word size in RAM. 
	2: No valid read/write found for RAM. 
RAM dissolved into registers
WARNING: [Synth 8-3848] Net mem in module/entity memory does not have driver. [D:/digital project/single_cycle_MIPS/memory.v:12]
WARNING: [Synth 8-3848] Net mem in module/entity memory does not have driver. [D:/digital project/single_cycle_MIPS/memory.v:12]
WARNING: [Synth 8-3848] Net mem in module/entity memory does not have driver. [D:/digital project/single_cycle_MIPS/memory.v:12]
WARNING: [Synth 8-3848] Net mem in module/entity memory does not have driver. [D:/digital project/single_cycle_MIPS/memory.v:12]
WARNING: [Synth 8-3848] Net mem in module/entity memory does not have driver. [D:/digital project/single_cycle_MIPS/memory.v:12]
WARNING: [Synth 8-3848] Net mem in module/entity memory does not have driver. [D:/digital project/single_cycle_MIPS/memory.v:12]
WARNING: [Synth 8-3848] Net mem in module/entity memory does not have driver. [D:/digital project/single_cycle_MIPS/memory.v:12]
WARNING: [Synth 8-3848] Net mem in module/entity memory does not have driver. [D:/digital project/single_cycle_MIPS/memory.v:12]
WARNING: [Synth 8-3848] Net mem in module/entity memory does not have driver. [D:/digital project/single_cycle_MIPS/memory.v:12]
WARNING: [Synth 8-3848] Net mem in module/entity memory does not have driver. [D:/digital project/single_cycle_MIPS/memory.v:12]
WARNING: [Synth 8-3848] Net mem in module/entity memory does not have driver. [D:/digital project/single_cycle_MIPS/memory.v:12]
WARNING: [Synth 8-3848] Net mem in module/entity memory does not have driver. [D:/digital project/single_cycle_MIPS/memory.v:12]
WARNING: [Synth 8-3848] Net mem in module/entity memory does not have driver. [D:/digital project/single_cycle_MIPS/memory.v:12]
WARNING: [Synth 8-3848] Net mem in module/entity memory does not have driver. [D:/digital project/single_cycle_MIPS/memory.v:12]
WARNING: [Synth 8-3848] Net mem in module/entity memory does not have driver. [D:/digital project/single_cycle_MIPS/memory.v:12]
WARNING: [Synth 8-3848] Net mem in module/entity memory does not have driver. [D:/digital project/single_cycle_MIPS/memory.v:12]
WARNING: [Synth 8-3848] Net mem in module/entity memory does not have driver. [D:/digital project/single_cycle_MIPS/memory.v:12]
WARNING: [Synth 8-3848] Net mem in module/entity memory does not have driver. [D:/digital project/single_cycle_MIPS/memory.v:12]
WARNING: [Synth 8-3848] Net mem in module/entity memory does not have driver. [D:/digital project/single_cycle_MIPS/memory.v:12]
WARNING: [Synth 8-3848] Net mem in module/entity memory does not have driver. [D:/digital project/single_cycle_MIPS/memory.v:12]
WARNING: [Synth 8-3848] Net mem in module/entity memory does not have driver. [D:/digital project/single_cycle_MIPS/memory.v:12]
WARNING: [Synth 8-3848] Net mem in module/entity memory does not have driver. [D:/digital project/single_cycle_MIPS/memory.v:12]
WARNING: [Synth 8-3848] Net mem in module/entity memory does not have driver. [D:/digital project/single_cycle_MIPS/memory.v:12]
WARNING: [Synth 8-3848] Net mem in module/entity memory does not have driver. [D:/digital project/single_cycle_MIPS/memory.v:12]
WARNING: [Synth 8-3848] Net mem in module/entity memory does not have driver. [D:/digital project/single_cycle_MIPS/memory.v:12]
WARNING: [Synth 8-3848] Net mem in module/entity memory does not have driver. [D:/digital project/single_cycle_MIPS/memory.v:12]
WARNING: [Synth 8-3848] Net mem in module/entity memory does not have driver. [D:/digital project/single_cycle_MIPS/memory.v:12]
WARNING: [Synth 8-3848] Net mem in module/entity memory does not have driver. [D:/digital project/single_cycle_MIPS/memory.v:12]
WARNING: [Synth 8-3848] Net mem in module/entity memory does not have driver. [D:/digital project/single_cycle_MIPS/memory.v:12]
WARNING: [Synth 8-3848] Net mem in module/entity memory does not have driver. [D:/digital project/single_cycle_MIPS/memory.v:12]
WARNING: [Synth 8-3848] Net mem in module/entity memory does not have driver. [D:/digital project/single_cycle_MIPS/memory.v:12]
WARNING: [Synth 8-3848] Net mem in module/entity memory does not have driver. [D:/digital project/single_cycle_MIPS/memory.v:12]
WARNING: [Synth 8-3848] Net mem in module/entity memory does not have driver. [D:/digital project/single_cycle_MIPS/memory.v:12]
WARNING: [Synth 8-3848] Net mem in module/entity memory does not have driver. [D:/digital project/single_cycle_MIPS/memory.v:12]
WARNING: [Synth 8-3848] Net mem in module/entity memory does not have driver. [D:/digital project/single_cycle_MIPS/memory.v:12]
WARNING: [Synth 8-3848] Net mem in module/entity memory does not have driver. [D:/digital project/single_cycle_MIPS/memory.v:12]
WARNING: [Synth 8-3848] Net mem in module/entity memory does not have driver. [D:/digital project/single_cycle_MIPS/memory.v:12]
WARNING: [Synth 8-3848] Net mem in module/entity memory does not have driver. [D:/digital project/single_cycle_MIPS/memory.v:12]
WARNING: [Synth 8-3848] Net mem in module/entity memory does not have driver. [D:/digital project/single_cycle_MIPS/memory.v:12]
WARNING: [Synth 8-3848] Net mem in module/entity memory does not have driver. [D:/digital project/single_cycle_MIPS/memory.v:12]
WARNING: [Synth 8-3848] Net mem in module/entity memory does not have driver. [D:/digital project/single_cycle_MIPS/memory.v:12]
WARNING: [Synth 8-3848] Net mem in module/entity memory does not have driver. [D:/digital project/single_cycle_MIPS/memory.v:12]
WARNING: [Synth 8-3848] Net mem in module/entity memory does not have driver. [D:/digital project/single_cycle_MIPS/memory.v:12]
WARNING: [Synth 8-3848] Net mem in module/entity memory does not have driver. [D:/digital project/single_cycle_MIPS/memory.v:12]
WARNING: [Synth 8-3848] Net mem in module/entity memory does not have driver. [D:/digital project/single_cycle_MIPS/memory.v:12]
WARNING: [Synth 8-3848] Net mem in module/entity memory does not have driver. [D:/digital project/single_cycle_MIPS/memory.v:12]
WARNING: [Synth 8-3848] Net mem in module/entity memory does not have driver. [D:/digital project/single_cycle_MIPS/memory.v:12]
WARNING: [Synth 8-3848] Net mem in module/entity memory does not have driver. [D:/digital project/single_cycle_MIPS/memory.v:12]
WARNING: [Synth 8-3848] Net mem in module/entity memory does not have driver. [D:/digital project/single_cycle_MIPS/memory.v:12]
WARNING: [Synth 8-3848] Net mem in module/entity memory does not have driver. [D:/digital project/single_cycle_MIPS/memory.v:12]
WARNING: [Synth 8-3848] Net mem in module/entity memory does not have driver. [D:/digital project/single_cycle_MIPS/memory.v:12]
WARNING: [Synth 8-3848] Net mem in module/entity memory does not have driver. [D:/digital project/single_cycle_MIPS/memory.v:12]
WARNING: [Synth 8-3848] Net mem in module/entity memory does not have driver. [D:/digital project/single_cycle_MIPS/memory.v:12]
WARNING: [Synth 8-3848] Net mem in module/entity memory does not have driver. [D:/digital project/single_cycle_MIPS/memory.v:12]
WARNING: [Synth 8-3848] Net mem in module/entity memory does not have driver. [D:/digital project/single_cycle_MIPS/memory.v:12]
WARNING: [Synth 8-3848] Net mem in module/entity memory does not have driver. [D:/digital project/single_cycle_MIPS/memory.v:12]
WARNING: [Synth 8-3848] Net mem in module/entity memory does not have driver. [D:/digital project/single_cycle_MIPS/memory.v:12]
WARNING: [Synth 8-3848] Net mem in module/entity memory does not have driver. [D:/digital project/single_cycle_MIPS/memory.v:12]
WARNING: [Synth 8-3848] Net mem in module/entity memory does not have driver. [D:/digital project/single_cycle_MIPS/memory.v:12]
WARNING: [Synth 8-3848] Net mem in module/entity memory does not have driver. [D:/digital project/single_cycle_MIPS/memory.v:12]
WARNING: [Synth 8-3848] Net mem in module/entity memory does not have driver. [D:/digital project/single_cycle_MIPS/memory.v:12]
WARNING: [Synth 8-3848] Net mem in module/entity memory does not have driver. [D:/digital project/single_cycle_MIPS/memory.v:12]
WARNING: [Synth 8-3848] Net mem in module/entity memory does not have driver. [D:/digital project/single_cycle_MIPS/memory.v:12]
WARNING: [Synth 8-3848] Net mem in module/entity memory does not have driver. [D:/digital project/single_cycle_MIPS/memory.v:12]
WARNING: [Synth 8-3848] Net mem in module/entity memory does not have driver. [D:/digital project/single_cycle_MIPS/memory.v:12]
WARNING: [Synth 8-3848] Net mem in module/entity memory does not have driver. [D:/digital project/single_cycle_MIPS/memory.v:12]
WARNING: [Synth 8-3848] Net mem in module/entity memory does not have driver. [D:/digital project/single_cycle_MIPS/memory.v:12]
WARNING: [Synth 8-3848] Net mem in module/entity memory does not have driver. [D:/digital project/single_cycle_MIPS/memory.v:12]
WARNING: [Synth 8-3848] Net mem in module/entity memory does not have driver. [D:/digital project/single_cycle_MIPS/memory.v:12]
WARNING: [Synth 8-3848] Net mem in module/entity memory does not have driver. [D:/digital project/single_cycle_MIPS/memory.v:12]
WARNING: [Synth 8-3848] Net mem in module/entity memory does not have driver. [D:/digital project/single_cycle_MIPS/memory.v:12]
WARNING: [Synth 8-3848] Net mem in module/entity memory does not have driver. [D:/digital project/single_cycle_MIPS/memory.v:12]
WARNING: [Synth 8-3848] Net mem in module/entity memory does not have driver. [D:/digital project/single_cycle_MIPS/memory.v:12]
WARNING: [Synth 8-3848] Net mem in module/entity memory does not have driver. [D:/digital project/single_cycle_MIPS/memory.v:12]
WARNING: [Synth 8-3848] Net mem in module/entity memory does not have driver. [D:/digital project/single_cycle_MIPS/memory.v:12]
WARNING: [Synth 8-3848] Net mem in module/entity memory does not have driver. [D:/digital project/single_cycle_MIPS/memory.v:12]
WARNING: [Synth 8-3848] Net mem in module/entity memory does not have driver. [D:/digital project/single_cycle_MIPS/memory.v:12]
WARNING: [Synth 8-3848] Net mem in module/entity memory does not have driver. [D:/digital project/single_cycle_MIPS/memory.v:12]
WARNING: [Synth 8-3848] Net mem in module/entity memory does not have driver. [D:/digital project/single_cycle_MIPS/memory.v:12]
WARNING: [Synth 8-3848] Net mem in module/entity memory does not have driver. [D:/digital project/single_cycle_MIPS/memory.v:12]
WARNING: [Synth 8-3848] Net mem in module/entity memory does not have driver. [D:/digital project/single_cycle_MIPS/memory.v:12]
WARNING: [Synth 8-3848] Net mem in module/entity memory does not have driver. [D:/digital project/single_cycle_MIPS/memory.v:12]
WARNING: [Synth 8-3848] Net mem in module/entity memory does not have driver. [D:/digital project/single_cycle_MIPS/memory.v:12]
WARNING: [Synth 8-3848] Net mem in module/entity memory does not have driver. [D:/digital project/single_cycle_MIPS/memory.v:12]
WARNING: [Synth 8-3848] Net mem in module/entity memory does not have driver. [D:/digital project/single_cycle_MIPS/memory.v:12]
WARNING: [Synth 8-3848] Net mem in module/entity memory does not have driver. [D:/digital project/single_cycle_MIPS/memory.v:12]
WARNING: [Synth 8-3848] Net mem in module/entity memory does not have driver. [D:/digital project/single_cycle_MIPS/memory.v:12]
WARNING: [Synth 8-3848] Net mem in module/entity memory does not have driver. [D:/digital project/single_cycle_MIPS/memory.v:12]
WARNING: [Synth 8-3848] Net mem in module/entity memory does not have driver. [D:/digital project/single_cycle_MIPS/memory.v:12]
WARNING: [Synth 8-3848] Net mem in module/entity memory does not have driver. [D:/digital project/single_cycle_MIPS/memory.v:12]
WARNING: [Synth 8-3848] Net mem in module/entity memory does not have driver. [D:/digital project/single_cycle_MIPS/memory.v:12]
WARNING: [Synth 8-3848] Net mem in module/entity memory does not have driver. [D:/digital project/single_cycle_MIPS/memory.v:12]
WARNING: [Synth 8-3848] Net mem in module/entity memory does not have driver. [D:/digital project/single_cycle_MIPS/memory.v:12]
WARNING: [Synth 8-3848] Net mem in module/entity memory does not have driver. [D:/digital project/single_cycle_MIPS/memory.v:12]
WARNING: [Synth 8-3848] Net mem in module/entity memory does not have driver. [D:/digital project/single_cycle_MIPS/memory.v:12]
WARNING: [Synth 8-3848] Net mem in module/entity memory does not have driver. [D:/digital project/single_cycle_MIPS/memory.v:12]
WARNING: [Synth 8-3848] Net mem in module/entity memory does not have driver. [D:/digital project/single_cycle_MIPS/memory.v:12]
WARNING: [Synth 8-3848] Net mem in module/entity memory does not have driver. [D:/digital project/single_cycle_MIPS/memory.v:12]
WARNING: [Synth 8-3848] Net mem in module/entity memory does not have driver. [D:/digital project/single_cycle_MIPS/memory.v:12]
WARNING: [Synth 8-3848] Net mem in module/entity memory does not have driver. [D:/digital project/single_cycle_MIPS/memory.v:12]
INFO: [Common 17-14] Message 'Synth 8-3848' appears 100 times and further instances of the messages will be disabled. Use the Tcl command set_msg_config to change the current settings.
INFO: [Synth 8-6155] done synthesizing module 'memory' (1#1) [D:/digital project/single_cycle_MIPS/memory.v:1]
INFO: [Synth 8-6157] synthesizing module 'control_unit' [D:/digital project/single_cycle_MIPS/control_unit.v:1]
WARNING: [Synth 8-567] referenced signal 'op_code' should be on the sensitivity list [D:/digital project/single_cycle_MIPS/control_unit.v:14]
INFO: [Synth 8-6155] done synthesizing module 'control_unit' (2#1) [D:/digital project/single_cycle_MIPS/control_unit.v:1]
INFO: [Synth 8-6157] synthesizing module 'register_file' [D:/digital project/single_cycle_MIPS/register_file.v:1]
INFO: [Synth 8-6155] done synthesizing module 'register_file' (3#1) [D:/digital project/single_cycle_MIPS/register_file.v:1]
INFO: [Synth 8-6157] synthesizing module 'ALU' [D:/digital project/single_cycle_MIPS/ALU.V:1]
INFO: [Synth 8-6155] done synthesizing module 'ALU' (4#1) [D:/digital project/single_cycle_MIPS/ALU.V:1]
INFO: [Synth 8-6157] synthesizing module 'static_memory' [D:/digital project/single_cycle_MIPS/static_memory.v:1]
	Parameter DATA_WIDTH bound to: 32 - type: integer 
	Parameter MEMORY_SIZE bound to: 512 - type: integer 
	Parameter ADDRESS_WIDTH bound to: 9 - type: integer 
INFO: [Synth 8-6155] done synthesizing module 'static_memory' (5#1) [D:/digital project/single_cycle_MIPS/static_memory.v:1]
INFO: [Synth 8-6155] done synthesizing module 'mips_processor' (6#1) [D:/digital project/single_cycle_MIPS/mips_processor.v:1]
WARNING: [Synth 8-3331] design control_unit has unconnected port instruction[25]
WARNING: [Synth 8-3331] design control_unit has unconnected port instruction[24]
WARNING: [Synth 8-3331] design control_unit has unconnected port instruction[23]
WARNING: [Synth 8-3331] design control_unit has unconnected port instruction[22]
WARNING: [Synth 8-3331] design control_unit has unconnected port instruction[21]
WARNING: [Synth 8-3331] design control_unit has unconnected port instruction[20]
WARNING: [Synth 8-3331] design control_unit has unconnected port instruction[19]
WARNING: [Synth 8-3331] design control_unit has unconnected port instruction[18]
WARNING: [Synth 8-3331] design control_unit has unconnected port instruction[17]
WARNING: [Synth 8-3331] design control_unit has unconnected port instruction[16]
WARNING: [Synth 8-3331] design control_unit has unconnected port instruction[15]
WARNING: [Synth 8-3331] design control_unit has unconnected port instruction[14]
WARNING: [Synth 8-3331] design control_unit has unconnected port instruction[13]
WARNING: [Synth 8-3331] design control_unit has unconnected port instruction[12]
WARNING: [Synth 8-3331] design control_unit has unconnected port instruction[11]
WARNING: [Synth 8-3331] design control_unit has unconnected port instruction[10]
WARNING: [Synth 8-3331] design control_unit has unconnected port instruction[9]
WARNING: [Synth 8-3331] design control_unit has unconnected port instruction[8]
WARNING: [Synth 8-3331] design control_unit has unconnected port instruction[7]
WARNING: [Synth 8-3331] design control_unit has unconnected port instruction[6]
WARNING: [Synth 8-3331] design memory has unconnected port wr_en
WARNING: [Synth 8-3331] design memory has unconnected port rst
---------------------------------------------------------------------------------
Finished Synthesize : Time (s): cpu = 00:00:10 ; elapsed = 00:00:11 . Memory (MB): peak = 668.980 ; gain = 364.016
---------------------------------------------------------------------------------
---------------------------------------------------------------------------------
Finished Constraint Validation : Time (s): cpu = 00:00:11 ; elapsed = 00:00:12 . Memory (MB): peak = 668.980 ; gain = 364.016
---------------------------------------------------------------------------------
---------------------------------------------------------------------------------
Start Loading Part and Timing Information
---------------------------------------------------------------------------------
Loading part: xc7vx485tffg1157-1
---------------------------------------------------------------------------------
Finished Loading Part and Timing Information : Time (s): cpu = 00:00:11 ; elapsed = 00:00:12 . Memory (MB): peak = 668.980 ; gain = 364.016
---------------------------------------------------------------------------------
INFO: [Device 21-403] Loading part xc7vx485tffg1157-1
INFO: [Synth 8-5546] ROM "reg_file_reg[31]" won't be mapped to RAM because it is too sparse
INFO: [Synth 8-5546] ROM "reg_file_reg[30]" won't be mapped to RAM because it is too sparse
INFO: [Synth 8-5546] ROM "reg_file_reg[29]" won't be mapped to RAM because it is too sparse
INFO: [Synth 8-5546] ROM "reg_file_reg[28]" won't be mapped to RAM because it is too sparse
INFO: [Synth 8-5546] ROM "reg_file_reg[27]" won't be mapped to RAM because it is too sparse
INFO: [Synth 8-5546] ROM "reg_file_reg[26]" won't be mapped to RAM because it is too sparse
INFO: [Synth 8-5546] ROM "reg_file_reg[25]" won't be mapped to RAM because it is too sparse
INFO: [Synth 8-5546] ROM "reg_file_reg[24]" won't be mapped to RAM because it is too sparse
INFO: [Synth 8-5546] ROM "reg_file_reg[23]" won't be mapped to RAM because it is too sparse
INFO: [Synth 8-5546] ROM "reg_file_reg[22]" won't be mapped to RAM because it is too sparse
INFO: [Synth 8-5546] ROM "reg_file_reg[21]" won't be mapped to RAM because it is too sparse
INFO: [Synth 8-5546] ROM "reg_file_reg[20]" won't be mapped to RAM because it is too sparse
INFO: [Synth 8-5546] ROM "reg_file_reg[19]" won't be mapped to RAM because it is too sparse
INFO: [Synth 8-5546] ROM "reg_file_reg[18]" won't be mapped to RAM because it is too sparse
INFO: [Synth 8-5546] ROM "reg_file_reg[17]" won't be mapped to RAM because it is too sparse
INFO: [Synth 8-5546] ROM "reg_file_reg[16]" won't be mapped to RAM because it is too sparse
INFO: [Synth 8-5546] ROM "reg_file_reg[15]" won't be mapped to RAM because it is too sparse
INFO: [Synth 8-5546] ROM "reg_file_reg[14]" won't be mapped to RAM because it is too sparse
INFO: [Synth 8-5546] ROM "reg_file_reg[13]" won't be mapped to RAM because it is too sparse
INFO: [Synth 8-5546] ROM "reg_file_reg[12]" won't be mapped to RAM because it is too sparse
INFO: [Synth 8-5546] ROM "reg_file_reg[11]" won't be mapped to RAM because it is too sparse
INFO: [Synth 8-5546] ROM "reg_file_reg[10]" won't be mapped to RAM because it is too sparse
INFO: [Synth 8-5546] ROM "reg_file_reg[9]" won't be mapped to RAM because it is too sparse
INFO: [Synth 8-5546] ROM "reg_file_reg[8]" won't be mapped to RAM because it is too sparse
INFO: [Synth 8-5546] ROM "reg_file_reg[7]" won't be mapped to RAM because it is too sparse
INFO: [Synth 8-5546] ROM "reg_file_reg[6]" won't be mapped to RAM because it is too sparse
INFO: [Synth 8-5546] ROM "reg_file_reg[5]" won't be mapped to RAM because it is too sparse
INFO: [Synth 8-5546] ROM "reg_file_reg[4]" won't be mapped to RAM because it is too sparse
INFO: [Synth 8-5546] ROM "reg_file_reg[3]" won't be mapped to RAM because it is too sparse
INFO: [Synth 8-5546] ROM "reg_file_reg[2]" won't be mapped to RAM because it is too sparse
INFO: [Synth 8-5546] ROM "reg_file_reg[1]" won't be mapped to RAM because it is too sparse
INFO: [Synth 8-5546] ROM "reg_file_reg[0]" won't be mapped to RAM because it is too sparse
INFO: [Synth 8-5545] ROM "mem_reg[511]" won't be mapped to RAM because address size (32) is larger than maximum supported(25)
INFO: [Synth 8-5545] ROM "mem_reg[511]" won't be mapped to RAM because address size (32) is larger than maximum supported(25)
INFO: [Synth 8-5546] ROM "mem_reg[511]" won't be mapped to RAM because it is too sparse
INFO: [Synth 8-5545] ROM "mem_reg[510]" won't be mapped to RAM because address size (32) is larger than maximum supported(25)
INFO: [Synth 8-5545] ROM "mem_reg[510]" won't be mapped to RAM because address size (32) is larger than maximum supported(25)
INFO: [Synth 8-5546] ROM "mem_reg[510]" won't be mapped to RAM because it is too sparse
INFO: [Synth 8-5545] ROM "mem_reg[509]" won't be mapped to RAM because address size (32) is larger than maximum supported(25)
INFO: [Synth 8-5546] ROM "mem_reg[509]" won't be mapped to RAM because it is too sparse
INFO: [Synth 8-5545] ROM "mem_reg[508]" won't be mapped to RAM because address size (32) is larger than maximum supported(25)
INFO: [Synth 8-5546] ROM "mem_reg[508]" won't be mapped to RAM because it is too sparse
INFO: [Synth 8-5545] ROM "mem_reg[507]" won't be mapped to RAM because address size (32) is larger than maximum supported(25)
INFO: [Synth 8-5546] ROM "mem_reg[507]" won't be mapped to RAM because it is too sparse
INFO: [Synth 8-5545] ROM "mem_reg[506]" won't be mapped to RAM because address size (32) is larger than maximum supported(25)
INFO: [Synth 8-5546] ROM "mem_reg[506]" won't be mapped to RAM because it is too sparse
INFO: [Synth 8-5545] ROM "mem_reg[505]" won't be mapped to RAM because address size (32) is larger than maximum supported(25)
INFO: [Synth 8-5546] ROM "mem_reg[505]" won't be mapped to RAM because it is too sparse
INFO: [Synth 8-5545] ROM "mem_reg[504]" won't be mapped to RAM because address size (32) is larger than maximum supported(25)
INFO: [Synth 8-5546] ROM "mem_reg[504]" won't be mapped to RAM because it is too sparse
INFO: [Synth 8-5545] ROM "mem_reg[503]" won't be mapped to RAM because address size (32) is larger than maximum supported(25)
INFO: [Synth 8-5546] ROM "mem_reg[503]" won't be mapped to RAM because it is too sparse
INFO: [Synth 8-5545] ROM "mem_reg[502]" won't be mapped to RAM because address size (32) is larger than maximum supported(25)
INFO: [Synth 8-5546] ROM "mem_reg[502]" won't be mapped to RAM because it is too sparse
INFO: [Synth 8-5545] ROM "mem_reg[501]" won't be mapped to RAM because address size (32) is larger than maximum supported(25)
INFO: [Synth 8-5546] ROM "mem_reg[501]" won't be mapped to RAM because it is too sparse
INFO: [Synth 8-5545] ROM "mem_reg[500]" won't be mapped to RAM because address size (32) is larger than maximum supported(25)
INFO: [Synth 8-5546] ROM "mem_reg[500]" won't be mapped to RAM because it is too sparse
INFO: [Synth 8-5545] ROM "mem_reg[499]" won't be mapped to RAM because address size (32) is larger than maximum supported(25)
INFO: [Synth 8-5546] ROM "mem_reg[499]" won't be mapped to RAM because it is too sparse
INFO: [Synth 8-5545] ROM "mem_reg[498]" won't be mapped to RAM because address size (32) is larger than maximum supported(25)
INFO: [Synth 8-5546] ROM "mem_reg[498]" won't be mapped to RAM because it is too sparse
INFO: [Synth 8-5545] ROM "mem_reg[497]" won't be mapped to RAM because address size (32) is larger than maximum supported(25)
INFO: [Synth 8-5546] ROM "mem_reg[497]" won't be mapped to RAM because it is too sparse
INFO: [Synth 8-5545] ROM "mem_reg[496]" won't be mapped to RAM because address size (32) is larger than maximum supported(25)
INFO: [Synth 8-5546] ROM "mem_reg[496]" won't be mapped to RAM because it is too sparse
INFO: [Synth 8-5545] ROM "mem_reg[495]" won't be mapped to RAM because address size (32) is larger than maximum supported(25)
INFO: [Synth 8-5546] ROM "mem_reg[495]" won't be mapped to RAM because it is too sparse
INFO: [Synth 8-5545] ROM "mem_reg[494]" won't be mapped to RAM because address size (32) is larger than maximum supported(25)
INFO: [Synth 8-5546] ROM "mem_reg[494]" won't be mapped to RAM because it is too sparse
INFO: [Synth 8-5545] ROM "mem_reg[493]" won't be mapped to RAM because address size (32) is larger than maximum supported(25)
INFO: [Synth 8-5546] ROM "mem_reg[493]" won't be mapped to RAM because it is too sparse
INFO: [Synth 8-5545] ROM "mem_reg[492]" won't be mapped to RAM because address size (32) is larger than maximum supported(25)
INFO: [Synth 8-5546] ROM "mem_reg[492]" won't be mapped to RAM because it is too sparse
INFO: [Synth 8-5545] ROM "mem_reg[491]" won't be mapped to RAM because address size (32) is larger than maximum supported(25)
INFO: [Synth 8-5546] ROM "mem_reg[491]" won't be mapped to RAM because it is too sparse
INFO: [Synth 8-5545] ROM "mem_reg[490]" won't be mapped to RAM because address size (32) is larger than maximum supported(25)
INFO: [Synth 8-5546] ROM "mem_reg[490]" won't be mapped to RAM because it is too sparse
INFO: [Synth 8-5545] ROM "mem_reg[489]" won't be mapped to RAM because address size (32) is larger than maximum supported(25)
INFO: [Synth 8-5546] ROM "mem_reg[489]" won't be mapped to RAM because it is too sparse
INFO: [Synth 8-5545] ROM "mem_reg[488]" won't be mapped to RAM because address size (32) is larger than maximum supported(25)
INFO: [Synth 8-5546] ROM "mem_reg[488]" won't be mapped to RAM because it is too sparse
INFO: [Synth 8-5545] ROM "mem_reg[487]" won't be mapped to RAM because address size (32) is larger than maximum supported(25)
INFO: [Synth 8-5546] ROM "mem_reg[487]" won't be mapped to RAM because it is too sparse
INFO: [Synth 8-5545] ROM "mem_reg[486]" won't be mapped to RAM because address size (32) is larger than maximum supported(25)
INFO: [Synth 8-5546] ROM "mem_reg[486]" won't be mapped to RAM because it is too sparse
INFO: [Synth 8-5545] ROM "mem_reg[485]" won't be mapped to RAM because address size (32) is larger than maximum supported(25)
INFO: [Synth 8-5546] ROM "mem_reg[485]" won't be mapped to RAM because it is too sparse
INFO: [Synth 8-5545] ROM "mem_reg[484]" won't be mapped to RAM because address size (32) is larger than maximum supported(25)
INFO: [Synth 8-5546] ROM "mem_reg[484]" won't be mapped to RAM because it is too sparse
INFO: [Synth 8-5545] ROM "mem_reg[483]" won't be mapped to RAM because address size (32) is larger than maximum supported(25)
INFO: [Synth 8-5546] ROM "mem_reg[483]" won't be mapped to RAM because it is too sparse
INFO: [Synth 8-5545] ROM "mem_reg[482]" won't be mapped to RAM because address size (32) is larger than maximum supported(25)
INFO: [Synth 8-5546] ROM "mem_reg[482]" won't be mapped to RAM because it is too sparse
INFO: [Synth 8-5545] ROM "mem_reg[481]" won't be mapped to RAM because address size (32) is larger than maximum supported(25)
INFO: [Synth 8-5546] ROM "mem_reg[481]" won't be mapped to RAM because it is too sparse
INFO: [Synth 8-5545] ROM "mem_reg[480]" won't be mapped to RAM because address size (32) is larger than maximum supported(25)
INFO: [Synth 8-5546] ROM "mem_reg[480]" won't be mapped to RAM because it is too sparse
INFO: [Synth 8-5545] ROM "mem_reg[479]" won't be mapped to RAM because address size (32) is larger than maximum supported(25)
INFO: [Synth 8-5546] ROM "mem_reg[479]" won't be mapped to RAM because it is too sparse
INFO: [Synth 8-5545] ROM "mem_reg[478]" won't be mapped to RAM because address size (32) is larger than maximum supported(25)
INFO: [Synth 8-5546] ROM "mem_reg[478]" won't be mapped to RAM because it is too sparse
INFO: [Synth 8-5545] ROM "mem_reg[477]" won't be mapped to RAM because address size (32) is larger than maximum supported(25)
INFO: [Synth 8-5546] ROM "mem_reg[477]" won't be mapped to RAM because it is too sparse
INFO: [Synth 8-5545] ROM "mem_reg[476]" won't be mapped to RAM because address size (32) is larger than maximum supported(25)
INFO: [Synth 8-5546] ROM "mem_reg[476]" won't be mapped to RAM because it is too sparse
INFO: [Synth 8-5545] ROM "mem_reg[475]" won't be mapped to RAM because address size (32) is larger than maximum supported(25)
INFO: [Synth 8-5546] ROM "mem_reg[475]" won't be mapped to RAM because it is too sparse
INFO: [Synth 8-5545] ROM "mem_reg[474]" won't be mapped to RAM because address size (32) is larger than maximum supported(25)
INFO: [Synth 8-5546] ROM "mem_reg[474]" won't be mapped to RAM because it is too sparse
INFO: [Synth 8-5545] ROM "mem_reg[473]" won't be mapped to RAM because address size (32) is larger than maximum supported(25)
INFO: [Synth 8-5546] ROM "mem_reg[473]" won't be mapped to RAM because it is too sparse
INFO: [Synth 8-5545] ROM "mem_reg[472]" won't be mapped to RAM because address size (32) is larger than maximum supported(25)
INFO: [Synth 8-5546] ROM "mem_reg[472]" won't be mapped to RAM because it is too sparse
INFO: [Synth 8-5545] ROM "mem_reg[471]" won't be mapped to RAM because address size (32) is larger than maximum supported(25)
INFO: [Synth 8-5546] ROM "mem_reg[471]" won't be mapped to RAM because it is too sparse
INFO: [Synth 8-5545] ROM "mem_reg[470]" won't be mapped to RAM because address size (32) is larger than maximum supported(25)
INFO: [Synth 8-5546] ROM "mem_reg[470]" won't be mapped to RAM because it is too sparse
INFO: [Synth 8-5545] ROM "mem_reg[469]" won't be mapped to RAM because address size (32) is larger than maximum supported(25)
INFO: [Synth 8-5546] ROM "mem_reg[469]" won't be mapped to RAM because it is too sparse
INFO: [Synth 8-5545] ROM "mem_reg[468]" won't be mapped to RAM because address size (32) is larger than maximum supported(25)
INFO: [Synth 8-5546] ROM "mem_reg[468]" won't be mapped to RAM because it is too sparse
INFO: [Synth 8-5545] ROM "mem_reg[467]" won't be mapped to RAM because address size (32) is larger than maximum supported(25)
INFO: [Synth 8-5546] ROM "mem_reg[467]" won't be mapped to RAM because it is too sparse
INFO: [Synth 8-5545] ROM "mem_reg[466]" won't be mapped to RAM because address size (32) is larger than maximum supported(25)
INFO: [Synth 8-5546] ROM "mem_reg[466]" won't be mapped to RAM because it is too sparse
INFO: [Synth 8-5545] ROM "mem_reg[465]" won't be mapped to RAM because address size (32) is larger than maximum supported(25)
INFO: [Synth 8-5546] ROM "mem_reg[465]" won't be mapped to RAM because it is too sparse
INFO: [Synth 8-5545] ROM "mem_reg[464]" won't be mapped to RAM because address size (32) is larger than maximum supported(25)
INFO: [Synth 8-5546] ROM "mem_reg[464]" won't be mapped to RAM because it is too sparse
INFO: [Synth 8-5545] ROM "mem_reg[463]" won't be mapped to RAM because address size (32) is larger than maximum supported(25)
INFO: [Synth 8-5546] ROM "mem_reg[463]" won't be mapped to RAM because it is too sparse
INFO: [Synth 8-5545] ROM "mem_reg[462]" won't be mapped to RAM because address size (32) is larger than maximum supported(25)
INFO: [Synth 8-5546] ROM "mem_reg[462]" won't be mapped to RAM because it is too sparse
INFO: [Synth 8-5545] ROM "mem_reg[461]" won't be mapped to RAM because address size (32) is larger than maximum supported(25)
INFO: [Synth 8-5546] ROM "mem_reg[461]" won't be mapped to RAM because it is too sparse
INFO: [Synth 8-5545] ROM "mem_reg[460]" won't be mapped to RAM because address size (32) is larger than maximum supported(25)
INFO: [Synth 8-5546] ROM "mem_reg[460]" won't be mapped to RAM because it is too sparse
INFO: [Synth 8-5545] ROM "mem_reg[459]" won't be mapped to RAM because address size (32) is larger than maximum supported(25)
INFO: [Synth 8-5546] ROM "mem_reg[459]" won't be mapped to RAM because it is too sparse
INFO: [Synth 8-5545] ROM "mem_reg[458]" won't be mapped to RAM because address size (32) is larger than maximum supported(25)
INFO: [Synth 8-5546] ROM "mem_reg[458]" won't be mapped to RAM because it is too sparse
INFO: [Synth 8-5545] ROM "mem_reg[457]" won't be mapped to RAM because address size (32) is larger than maximum supported(25)
INFO: [Synth 8-5546] ROM "mem_reg[457]" won't be mapped to RAM because it is too sparse
INFO: [Synth 8-5545] ROM "mem_reg[456]" won't be mapped to RAM because address size (32) is larger than maximum supported(25)
INFO: [Synth 8-5546] ROM "mem_reg[456]" won't be mapped to RAM because it is too sparse
INFO: [Synth 8-5545] ROM "mem_reg[455]" won't be mapped to RAM because address size (32) is larger than maximum supported(25)
INFO: [Synth 8-5546] ROM "mem_reg[455]" won't be mapped to RAM because it is too sparse
INFO: [Synth 8-5545] ROM "mem_reg[454]" won't be mapped to RAM because address size (32) is larger than maximum supported(25)
INFO: [Synth 8-5546] ROM "mem_reg[454]" won't be mapped to RAM because it is too sparse
INFO: [Synth 8-5545] ROM "mem_reg[453]" won't be mapped to RAM because address size (32) is larger than maximum supported(25)
INFO: [Synth 8-5546] ROM "mem_reg[453]" won't be mapped to RAM because it is too sparse
INFO: [Synth 8-5545] ROM "mem_reg[452]" won't be mapped to RAM because address size (32) is larger than maximum supported(25)
INFO: [Synth 8-5546] ROM "mem_reg[452]" won't be mapped to RAM because it is too sparse
INFO: [Synth 8-5545] ROM "mem_reg[451]" won't be mapped to RAM because address size (32) is larger than maximum supported(25)
INFO: [Synth 8-5546] ROM "mem_reg[451]" won't be mapped to RAM because it is too sparse
INFO: [Synth 8-5545] ROM "mem_reg[450]" won't be mapped to RAM because address size (32) is larger than maximum supported(25)
INFO: [Synth 8-5546] ROM "mem_reg[450]" won't be mapped to RAM because it is too sparse
INFO: [Synth 8-5545] ROM "mem_reg[449]" won't be mapped to RAM because address size (32) is larger than maximum supported(25)
INFO: [Synth 8-5546] ROM "mem_reg[449]" won't be mapped to RAM because it is too sparse
INFO: [Synth 8-5545] ROM "mem_reg[448]" won't be mapped to RAM because address size (32) is larger than maximum supported(25)
INFO: [Synth 8-5546] ROM "mem_reg[448]" won't be mapped to RAM because it is too sparse
INFO: [Synth 8-5545] ROM "mem_reg[447]" won't be mapped to RAM because address size (32) is larger than maximum supported(25)
INFO: [Synth 8-5546] ROM "mem_reg[447]" won't be mapped to RAM because it is too sparse
INFO: [Synth 8-5545] ROM "mem_reg[446]" won't be mapped to RAM because address size (32) is larger than maximum supported(25)
INFO: [Synth 8-5546] ROM "mem_reg[446]" won't be mapped to RAM because it is too sparse
INFO: [Synth 8-5545] ROM "mem_reg[445]" won't be mapped to RAM because address size (32) is larger than maximum supported(25)
INFO: [Synth 8-5546] ROM "mem_reg[445]" won't be mapped to RAM because it is too sparse
INFO: [Synth 8-5545] ROM "mem_reg[444]" won't be mapped to RAM because address size (32) is larger than maximum supported(25)
INFO: [Synth 8-5546] ROM "mem_reg[444]" won't be mapped to RAM because it is too sparse
INFO: [Common 17-14] Message 'Synth 8-5546' appears 100 times and further instances of the messages will be disabled. Use the Tcl command set_msg_config to change the current settings.
INFO: [Synth 8-5545] ROM "mem_reg[443]" won't be mapped to RAM because address size (32) is larger than maximum supported(25)
INFO: [Synth 8-5545] ROM "mem_reg[442]" won't be mapped to RAM because address size (32) is larger than maximum supported(25)
INFO: [Synth 8-5545] ROM "mem_reg[441]" won't be mapped to RAM because address size (32) is larger than maximum supported(25)
INFO: [Synth 8-5545] ROM "mem_reg[440]" won't be mapped to RAM because address size (32) is larger than maximum supported(25)
INFO: [Synth 8-5545] ROM "mem_reg[439]" won't be mapped to RAM because address size (32) is larger than maximum supported(25)
INFO: [Synth 8-5545] ROM "mem_reg[438]" won't be mapped to RAM because address size (32) is larger than maximum supported(25)
INFO: [Synth 8-5545] ROM "mem_reg[437]" won't be mapped to RAM because address size (32) is larger than maximum supported(25)
INFO: [Synth 8-5545] ROM "mem_reg[436]" won't be mapped to RAM because address size (32) is larger than maximum supported(25)
INFO: [Synth 8-5545] ROM "mem_reg[435]" won't be mapped to RAM because address size (32) is larger than maximum supported(25)
INFO: [Synth 8-5545] ROM "mem_reg[434]" won't be mapped to RAM because address size (32) is larger than maximum supported(25)
INFO: [Synth 8-5545] ROM "mem_reg[433]" won't be mapped to RAM because address size (32) is larger than maximum supported(25)
INFO: [Synth 8-5545] ROM "mem_reg[432]" won't be mapped to RAM because address size (32) is larger than maximum supported(25)
INFO: [Synth 8-5545] ROM "mem_reg[431]" won't be mapped to RAM because address size (32) is larger than maximum supported(25)
INFO: [Synth 8-5545] ROM "mem_reg[430]" won't be mapped to RAM because address size (32) is larger than maximum supported(25)
INFO: [Synth 8-5545] ROM "mem_reg[429]" won't be mapped to RAM because address size (32) is larger than maximum supported(25)
INFO: [Synth 8-5545] ROM "mem_reg[428]" won't be mapped to RAM because address size (32) is larger than maximum supported(25)
INFO: [Synth 8-5545] ROM "mem_reg[427]" won't be mapped to RAM because address size (32) is larger than maximum supported(25)
INFO: [Synth 8-5545] ROM "mem_reg[426]" won't be mapped to RAM because address size (32) is larger than maximum supported(25)
INFO: [Synth 8-5545] ROM "mem_reg[425]" won't be mapped to RAM because address size (32) is larger than maximum supported(25)
INFO: [Synth 8-5545] ROM "mem_reg[424]" won't be mapped to RAM because address size (32) is larger than maximum supported(25)
INFO: [Synth 8-5545] ROM "mem_reg[423]" won't be mapped to RAM because address size (32) is larger than maximum supported(25)
INFO: [Synth 8-5545] ROM "mem_reg[422]" won't be mapped to RAM because address size (32) is larger than maximum supported(25)
INFO: [Synth 8-5545] ROM "mem_reg[421]" won't be mapped to RAM because address size (32) is larger than maximum supported(25)
INFO: [Synth 8-5545] ROM "mem_reg[420]" won't be mapped to RAM because address size (32) is larger than maximum supported(25)
INFO: [Synth 8-5545] ROM "mem_reg[419]" won't be mapped to RAM because address size (32) is larger than maximum supported(25)
INFO: [Synth 8-5545] ROM "mem_reg[418]" won't be mapped to RAM because address size (32) is larger than maximum supported(25)
INFO: [Synth 8-5545] ROM "mem_reg[417]" won't be mapped to RAM because address size (32) is larger than maximum supported(25)
INFO: [Synth 8-5545] ROM "mem_reg[416]" won't be mapped to RAM because address size (32) is larger than maximum supported(25)
INFO: [Synth 8-5545] ROM "mem_reg[415]" won't be mapped to RAM because address size (32) is larger than maximum supported(25)
INFO: [Synth 8-5545] ROM "mem_reg[414]" won't be mapped to RAM because address size (32) is larger than maximum supported(25)
INFO: [Common 17-14] Message 'Synth 8-5545' appears 100 times and further instances of the messages will be disabled. Use the Tcl command set_msg_config to change the current settings.
WARNING: [Synth 8-327] inferring latch for variable 'branch_ne_reg' [D:/digital project/single_cycle_MIPS/control_unit.v:26]
WARNING: [Synth 8-327] inferring latch for variable 'reg_file_reg[31]' [D:/digital project/single_cycle_MIPS/register_file.v:14]
WARNING: [Synth 8-327] inferring latch for variable 'reg_file_reg[30]' [D:/digital project/single_cycle_MIPS/register_file.v:14]
WARNING: [Synth 8-327] inferring latch for variable 'reg_file_reg[29]' [D:/digital project/single_cycle_MIPS/register_file.v:14]
WARNING: [Synth 8-327] inferring latch for variable 'reg_file_reg[28]' [D:/digital project/single_cycle_MIPS/register_file.v:14]
WARNING: [Synth 8-327] inferring latch for variable 'reg_file_reg[27]' [D:/digital project/single_cycle_MIPS/register_file.v:14]
WARNING: [Synth 8-327] inferring latch for variable 'reg_file_reg[26]' [D:/digital project/single_cycle_MIPS/register_file.v:14]
WARNING: [Synth 8-327] inferring latch for variable 'reg_file_reg[25]' [D:/digital project/single_cycle_MIPS/register_file.v:14]
WARNING: [Synth 8-327] inferring latch for variable 'reg_file_reg[24]' [D:/digital project/single_cycle_MIPS/register_file.v:14]
WARNING: [Synth 8-327] inferring latch for variable 'reg_file_reg[23]' [D:/digital project/single_cycle_MIPS/register_file.v:14]
WARNING: [Synth 8-327] inferring latch for variable 'reg_file_reg[22]' [D:/digital project/single_cycle_MIPS/register_file.v:14]
WARNING: [Synth 8-327] inferring latch for variable 'reg_file_reg[21]' [D:/digital project/single_cycle_MIPS/register_file.v:14]
WARNING: [Synth 8-327] inferring latch for variable 'reg_file_reg[20]' [D:/digital project/single_cycle_MIPS/register_file.v:14]
WARNING: [Synth 8-327] inferring latch for variable 'reg_file_reg[19]' [D:/digital project/single_cycle_MIPS/register_file.v:14]
WARNING: [Synth 8-327] inferring latch for variable 'reg_file_reg[18]' [D:/digital project/single_cycle_MIPS/register_file.v:14]
WARNING: [Synth 8-327] inferring latch for variable 'reg_file_reg[17]' [D:/digital project/single_cycle_MIPS/register_file.v:14]
WARNING: [Synth 8-327] inferring latch for variable 'reg_file_reg[16]' [D:/digital project/single_cycle_MIPS/register_file.v:14]
WARNING: [Synth 8-327] inferring latch for variable 'reg_file_reg[15]' [D:/digital project/single_cycle_MIPS/register_file.v:14]
WARNING: [Synth 8-327] inferring latch for variable 'reg_file_reg[14]' [D:/digital project/single_cycle_MIPS/register_file.v:14]
WARNING: [Synth 8-327] inferring latch for variable 'reg_file_reg[13]' [D:/digital project/single_cycle_MIPS/register_file.v:14]
WARNING: [Synth 8-327] inferring latch for variable 'reg_file_reg[12]' [D:/digital project/single_cycle_MIPS/register_file.v:14]
WARNING: [Synth 8-327] inferring latch for variable 'reg_file_reg[11]' [D:/digital project/single_cycle_MIPS/register_file.v:14]
WARNING: [Synth 8-327] inferring latch for variable 'reg_file_reg[10]' [D:/digital project/single_cycle_MIPS/register_file.v:14]
WARNING: [Synth 8-327] inferring latch for variable 'reg_file_reg[9]' [D:/digital project/single_cycle_MIPS/register_file.v:14]
WARNING: [Synth 8-327] inferring latch for variable 'reg_file_reg[8]' [D:/digital project/single_cycle_MIPS/register_file.v:14]
WARNING: [Synth 8-327] inferring latch for variable 'reg_file_reg[7]' [D:/digital project/single_cycle_MIPS/register_file.v:14]
WARNING: [Synth 8-327] inferring latch for variable 'reg_file_reg[6]' [D:/digital project/single_cycle_MIPS/register_file.v:14]
WARNING: [Synth 8-327] inferring latch for variable 'reg_file_reg[5]' [D:/digital project/single_cycle_MIPS/register_file.v:14]
WARNING: [Synth 8-327] inferring latch for variable 'reg_file_reg[4]' [D:/digital project/single_cycle_MIPS/register_file.v:14]
WARNING: [Synth 8-327] inferring latch for variable 'reg_file_reg[3]' [D:/digital project/single_cycle_MIPS/register_file.v:14]
WARNING: [Synth 8-327] inferring latch for variable 'reg_file_reg[2]' [D:/digital project/single_cycle_MIPS/register_file.v:14]
WARNING: [Synth 8-327] inferring latch for variable 'reg_file_reg[1]' [D:/digital project/single_cycle_MIPS/register_file.v:14]
WARNING: [Synth 8-327] inferring latch for variable 'reg_file_reg[0]' [D:/digital project/single_cycle_MIPS/register_file.v:14]
WARNING: [Synth 8-327] inferring latch for variable 'dout_reg' [D:/digital project/single_cycle_MIPS/static_memory.v:21]
WARNING: [Synth 8-327] inferring latch for variable 'mem_reg[511]' [D:/digital project/single_cycle_MIPS/static_memory.v:19]
WARNING: [Synth 8-327] inferring latch for variable 'mem_reg[510]' [D:/digital project/single_cycle_MIPS/static_memory.v:19]
WARNING: [Synth 8-327] inferring latch for variable 'mem_reg[509]' [D:/digital project/single_cycle_MIPS/static_memory.v:19]
WARNING: [Synth 8-327] inferring latch for variable 'mem_reg[508]' [D:/digital project/single_cycle_MIPS/static_memory.v:19]
WARNING: [Synth 8-327] inferring latch for variable 'mem_reg[507]' [D:/digital project/single_cycle_MIPS/static_memory.v:19]
WARNING: [Synth 8-327] inferring latch for variable 'mem_reg[506]' [D:/digital project/single_cycle_MIPS/static_memory.v:19]
WARNING: [Synth 8-327] inferring latch for variable 'mem_reg[505]' [D:/digital project/single_cycle_MIPS/static_memory.v:19]
WARNING: [Synth 8-327] inferring latch for variable 'mem_reg[504]' [D:/digital project/single_cycle_MIPS/static_memory.v:19]
WARNING: [Synth 8-327] inferring latch for variable 'mem_reg[503]' [D:/digital project/single_cycle_MIPS/static_memory.v:19]
WARNING: [Synth 8-327] inferring latch for variable 'mem_reg[502]' [D:/digital project/single_cycle_MIPS/static_memory.v:19]
WARNING: [Synth 8-327] inferring latch for variable 'mem_reg[501]' [D:/digital project/single_cycle_MIPS/static_memory.v:19]
WARNING: [Synth 8-327] inferring latch for variable 'mem_reg[500]' [D:/digital project/single_cycle_MIPS/static_memory.v:19]
WARNING: [Synth 8-327] inferring latch for variable 'mem_reg[499]' [D:/digital project/single_cycle_MIPS/static_memory.v:19]
WARNING: [Synth 8-327] inferring latch for variable 'mem_reg[498]' [D:/digital project/single_cycle_MIPS/static_memory.v:19]
WARNING: [Synth 8-327] inferring latch for variable 'mem_reg[497]' [D:/digital project/single_cycle_MIPS/static_memory.v:19]
WARNING: [Synth 8-327] inferring latch for variable 'mem_reg[496]' [D:/digital project/single_cycle_MIPS/static_memory.v:19]
WARNING: [Synth 8-327] inferring latch for variable 'mem_reg[495]' [D:/digital project/single_cycle_MIPS/static_memory.v:19]
WARNING: [Synth 8-327] inferring latch for variable 'mem_reg[494]' [D:/digital project/single_cycle_MIPS/static_memory.v:19]
WARNING: [Synth 8-327] inferring latch for variable 'mem_reg[493]' [D:/digital project/single_cycle_MIPS/static_memory.v:19]
WARNING: [Synth 8-327] inferring latch for variable 'mem_reg[492]' [D:/digital project/single_cycle_MIPS/static_memory.v:19]
WARNING: [Synth 8-327] inferring latch for variable 'mem_reg[491]' [D:/digital project/single_cycle_MIPS/static_memory.v:19]
WARNING: [Synth 8-327] inferring latch for variable 'mem_reg[490]' [D:/digital project/single_cycle_MIPS/static_memory.v:19]
WARNING: [Synth 8-327] inferring latch for variable 'mem_reg[489]' [D:/digital project/single_cycle_MIPS/static_memory.v:19]
WARNING: [Synth 8-327] inferring latch for variable 'mem_reg[488]' [D:/digital project/single_cycle_MIPS/static_memory.v:19]
WARNING: [Synth 8-327] inferring latch for variable 'mem_reg[487]' [D:/digital project/single_cycle_MIPS/static_memory.v:19]
WARNING: [Synth 8-327] inferring latch for variable 'mem_reg[486]' [D:/digital project/single_cycle_MIPS/static_memory.v:19]
WARNING: [Synth 8-327] inferring latch for variable 'mem_reg[485]' [D:/digital project/single_cycle_MIPS/static_memory.v:19]
WARNING: [Synth 8-327] inferring latch for variable 'mem_reg[484]' [D:/digital project/single_cycle_MIPS/static_memory.v:19]
WARNING: [Synth 8-327] inferring latch for variable 'mem_reg[483]' [D:/digital project/single_cycle_MIPS/static_memory.v:19]
WARNING: [Synth 8-327] inferring latch for variable 'mem_reg[482]' [D:/digital project/single_cycle_MIPS/static_memory.v:19]
WARNING: [Synth 8-327] inferring latch for variable 'mem_reg[481]' [D:/digital project/single_cycle_MIPS/static_memory.v:19]
WARNING: [Synth 8-327] inferring latch for variable 'mem_reg[480]' [D:/digital project/single_cycle_MIPS/static_memory.v:19]
WARNING: [Synth 8-327] inferring latch for variable 'mem_reg[479]' [D:/digital project/single_cycle_MIPS/static_memory.v:19]
WARNING: [Synth 8-327] inferring latch for variable 'mem_reg[478]' [D:/digital project/single_cycle_MIPS/static_memory.v:19]
WARNING: [Synth 8-327] inferring latch for variable 'mem_reg[477]' [D:/digital project/single_cycle_MIPS/static_memory.v:19]
WARNING: [Synth 8-327] inferring latch for variable 'mem_reg[476]' [D:/digital project/single_cycle_MIPS/static_memory.v:19]
WARNING: [Synth 8-327] inferring latch for variable 'mem_reg[475]' [D:/digital project/single_cycle_MIPS/static_memory.v:19]
WARNING: [Synth 8-327] inferring latch for variable 'mem_reg[474]' [D:/digital project/single_cycle_MIPS/static_memory.v:19]
WARNING: [Synth 8-327] inferring latch for variable 'mem_reg[473]' [D:/digital project/single_cycle_MIPS/static_memory.v:19]
WARNING: [Synth 8-327] inferring latch for variable 'mem_reg[472]' [D:/digital project/single_cycle_MIPS/static_memory.v:19]
WARNING: [Synth 8-327] inferring latch for variable 'mem_reg[471]' [D:/digital project/single_cycle_MIPS/static_memory.v:19]
WARNING: [Synth 8-327] inferring latch for variable 'mem_reg[470]' [D:/digital project/single_cycle_MIPS/static_memory.v:19]
WARNING: [Synth 8-327] inferring latch for variable 'mem_reg[469]' [D:/digital project/single_cycle_MIPS/static_memory.v:19]
WARNING: [Synth 8-327] inferring latch for variable 'mem_reg[468]' [D:/digital project/single_cycle_MIPS/static_memory.v:19]
WARNING: [Synth 8-327] inferring latch for variable 'mem_reg[467]' [D:/digital project/single_cycle_MIPS/static_memory.v:19]
WARNING: [Synth 8-327] inferring latch for variable 'mem_reg[466]' [D:/digital project/single_cycle_MIPS/static_memory.v:19]
WARNING: [Synth 8-327] inferring latch for variable 'mem_reg[465]' [D:/digital project/single_cycle_MIPS/static_memory.v:19]
WARNING: [Synth 8-327] inferring latch for variable 'mem_reg[464]' [D:/digital project/single_cycle_MIPS/static_memory.v:19]
WARNING: [Synth 8-327] inferring latch for variable 'mem_reg[463]' [D:/digital project/single_cycle_MIPS/static_memory.v:19]
WARNING: [Synth 8-327] inferring latch for variable 'mem_reg[462]' [D:/digital project/single_cycle_MIPS/static_memory.v:19]
WARNING: [Synth 8-327] inferring latch for variable 'mem_reg[461]' [D:/digital project/single_cycle_MIPS/static_memory.v:19]
WARNING: [Synth 8-327] inferring latch for variable 'mem_reg[460]' [D:/digital project/single_cycle_MIPS/static_memory.v:19]
WARNING: [Synth 8-327] inferring latch for variable 'mem_reg[459]' [D:/digital project/single_cycle_MIPS/static_memory.v:19]
WARNING: [Synth 8-327] inferring latch for variable 'mem_reg[458]' [D:/digital project/single_cycle_MIPS/static_memory.v:19]
WARNING: [Synth 8-327] inferring latch for variable 'mem_reg[457]' [D:/digital project/single_cycle_MIPS/static_memory.v:19]
WARNING: [Synth 8-327] inferring latch for variable 'mem_reg[456]' [D:/digital project/single_cycle_MIPS/static_memory.v:19]
WARNING: [Synth 8-327] inferring latch for variable 'mem_reg[455]' [D:/digital project/single_cycle_MIPS/static_memory.v:19]
WARNING: [Synth 8-327] inferring latch for variable 'mem_reg[454]' [D:/digital project/single_cycle_MIPS/static_memory.v:19]
WARNING: [Synth 8-327] inferring latch for variable 'mem_reg[453]' [D:/digital project/single_cycle_MIPS/static_memory.v:19]
WARNING: [Synth 8-327] inferring latch for variable 'mem_reg[452]' [D:/digital project/single_cycle_MIPS/static_memory.v:19]
WARNING: [Synth 8-327] inferring latch for variable 'mem_reg[451]' [D:/digital project/single_cycle_MIPS/static_memory.v:19]
WARNING: [Synth 8-327] inferring latch for variable 'mem_reg[450]' [D:/digital project/single_cycle_MIPS/static_memory.v:19]
WARNING: [Synth 8-327] inferring latch for variable 'mem_reg[449]' [D:/digital project/single_cycle_MIPS/static_memory.v:19]
WARNING: [Synth 8-327] inferring latch for variable 'mem_reg[448]' [D:/digital project/single_cycle_MIPS/static_memory.v:19]
WARNING: [Synth 8-327] inferring latch for variable 'mem_reg[447]' [D:/digital project/single_cycle_MIPS/static_memory.v:19]
WARNING: [Synth 8-327] inferring latch for variable 'mem_reg[446]' [D:/digital project/single_cycle_MIPS/static_memory.v:19]
INFO: [Common 17-14] Message 'Synth 8-327' appears 100 times and further instances of the messages will be disabled. Use the Tcl command set_msg_config to change the current settings.
---------------------------------------------------------------------------------
Finished RTL Optimization Phase 2 : Time (s): cpu = 00:02:12 ; elapsed = 00:02:08 . Memory (MB): peak = 1185.633 ; gain = 880.668
---------------------------------------------------------------------------------

Report RTL Partitions: 
+------+--------------------+------------+----------+
|      |RTL Partition       |Replication |Instances |
+------+--------------------+------------+----------+
|1     |static_memory__GB0  |           1|     34930|
|2     |static_memory__GB1  |           1|     19146|
|3     |static_memory__GB2  |           1|     23207|
|4     |static_memory__GB3  |           1|     30059|
|5     |static_memory__GB4  |           1|     37026|
|6     |static_memory__GB5  |           1|     45204|
|7     |static_memory__GB6  |           1|     55785|
|8     |static_memory__GB7  |           1|     55956|
|9     |static_memory__GB8  |           1|     13976|
|10    |static_memory__GB9  |           1|     54490|
|11    |static_memory__GB10 |           1|     14331|
|12    |static_memory__GB11 |           1|     16624|
|13    |mips_processor__GC0 |           1|     22837|
+------+--------------------+------------+----------+
No constraint files found.
---------------------------------------------------------------------------------
Start RTL Component Statistics 
---------------------------------------------------------------------------------
Detailed RTL Component Info : 
+---Adders : 
	   2 Input     33 Bit       Adders := 1     
	   3 Input     33 Bit       Adders := 1     
	   2 Input     32 Bit       Adders := 1     
+---XORs : 
	   2 Input     32 Bit         XORs := 1     
	   2 Input      1 Bit         XORs := 3     
+---Registers : 
	               32 Bit    Registers := 2     
+---Muxes : 
	   4 Input     32 Bit        Muxes := 513   
	   2 Input     32 Bit        Muxes := 1796  
	   3 Input     32 Bit        Muxes := 255   
	  10 Input     32 Bit        Muxes := 1     
	   3 Input      6 Bit        Muxes := 1     
	   7 Input      6 Bit        Muxes := 1     
	   2 Input      5 Bit        Muxes := 1     
	  12 Input      4 Bit        Muxes := 1     
	   3 Input      2 Bit        Muxes := 63    
	   7 Input      2 Bit        Muxes := 1     
	   2 Input      1 Bit        Muxes := 2329  
	   5 Input      1 Bit        Muxes := 511   
	   3 Input      1 Bit        Muxes := 255   
	   7 Input      1 Bit        Muxes := 10    
	  12 Input      1 Bit        Muxes := 1     
---------------------------------------------------------------------------------
Finished RTL Component Statistics 
---------------------------------------------------------------------------------
---------------------------------------------------------------------------------
Start RTL Hierarchical Component Statistics 
---------------------------------------------------------------------------------
Hierarchical RTL Component report 
Module mips_processor 
Detailed RTL Component Info : 
+---Adders : 
	   2 Input     32 Bit       Adders := 1     
+---Registers : 
	               32 Bit    Registers := 1     
+---Muxes : 
	   2 Input     32 Bit        Muxes := 6     
	   2 Input      5 Bit        Muxes := 1     
Module static_memory 
Detailed RTL Component Info : 
+---Muxes : 
	   4 Input     32 Bit        Muxes := 513   
	   2 Input     32 Bit        Muxes := 1786  
	   3 Input     32 Bit        Muxes := 255   
	   3 Input      2 Bit        Muxes := 63    
	   2 Input      1 Bit        Muxes := 2297  
	   5 Input      1 Bit        Muxes := 511   
	   3 Input      1 Bit        Muxes := 254   
Module memory 
Detailed RTL Component Info : 
+---Registers : 
	               32 Bit    Registers := 1     
Module control_unit 
Detailed RTL Component Info : 
+---Muxes : 
	   3 Input      6 Bit        Muxes := 1     
	   7 Input      6 Bit        Muxes := 1     
	   7 Input      2 Bit        Muxes := 1     
	   7 Input      1 Bit        Muxes := 10    
	   3 Input      1 Bit        Muxes := 1     
Module register_file 
Detailed RTL Component Info : 
+---Muxes : 
	   2 Input     32 Bit        Muxes := 2     
	   2 Input      1 Bit        Muxes := 32    
Module ALU 
Detailed RTL Component Info : 
+---Adders : 
	   2 Input     33 Bit       Adders := 1     
	   3 Input     33 Bit       Adders := 1     
+---XORs : 
	   2 Input     32 Bit         XORs := 1     
	   2 Input      1 Bit         XORs := 3     
+---Muxes : 
	  10 Input     32 Bit        Muxes := 1     
	   2 Input     32 Bit        Muxes := 2     
	  12 Input      4 Bit        Muxes := 1     
	  12 Input      1 Bit        Muxes := 1     
---------------------------------------------------------------------------------
Finished RTL Hierarchical Component Statistics
---------------------------------------------------------------------------------
---------------------------------------------------------------------------------
Start Part Resource Summary
---------------------------------------------------------------------------------
Part Resources:
DSPs: 2800 (col length:140)
BRAMs: 2060 (col length: RAMB18 140 RAMB36 70)
---------------------------------------------------------------------------------
Finished Part Resource Summary
---------------------------------------------------------------------------------
INFO: [Synth 8-5580] Multithreading enabled for synth_design using a maximum of 2 processes.
No constraint files found.
---------------------------------------------------------------------------------
Start Cross Boundary and Area Optimization
---------------------------------------------------------------------------------
INFO: [Synth 8-3886] merging instance 'mem_reg[0][8]' (LDC) to 'mem_reg[0][9]'
INFO: [Synth 8-3886] merging instance 'mem_reg[0][9]' (LDC) to 'mem_reg[0][10]'
INFO: [Synth 8-3886] merging instance 'mem_reg[0][10]' (LDC) to 'mem_reg[0][11]'
INFO: [Synth 8-3886] merging instance 'mem_reg[0][11]' (LDC) to 'mem_reg[0][12]'
INFO: [Synth 8-3886] merging instance 'mem_reg[0][12]' (LDC) to 'mem_reg[0][13]'
INFO: [Synth 8-3886] merging instance 'mem_reg[0][13]' (LDC) to 'mem_reg[0][14]'
INFO: [Synth 8-3886] merging instance 'mem_reg[0][14]' (LDC) to 'mem_reg[0][15]'
INFO: [Synth 8-3886] merging instance 'mem_reg[0][15]' (LDC) to 'mem_reg[0][16]'
INFO: [Synth 8-3886] merging instance 'mem_reg[0][16]' (LDC) to 'mem_reg[0][17]'
INFO: [Synth 8-3886] merging instance 'mem_reg[0][17]' (LDC) to 'mem_reg[0][18]'
INFO: [Synth 8-3886] merging instance 'mem_reg[0][18]' (LDC) to 'mem_reg[0][19]'
INFO: [Synth 8-3886] merging instance 'mem_reg[0][19]' (LDC) to 'mem_reg[0][20]'
INFO: [Synth 8-3886] merging instance 'mem_reg[0][20]' (LDC) to 'mem_reg[0][21]'
INFO: [Synth 8-3886] merging instance 'mem_reg[0][21]' (LDC) to 'mem_reg[0][22]'
INFO: [Synth 8-3886] merging instance 'mem_reg[0][22]' (LDC) to 'mem_reg[0][23]'
INFO: [Synth 8-3886] merging instance 'mem_reg[0][23]' (LDC) to 'mem_reg[0][24]'
INFO: [Synth 8-3886] merging instance 'mem_reg[0][24]' (LDC) to 'mem_reg[0][25]'
INFO: [Synth 8-3886] merging instance 'mem_reg[0][25]' (LDC) to 'mem_reg[0][26]'
INFO: [Synth 8-3886] merging instance 'mem_reg[0][26]' (LDC) to 'mem_reg[0][27]'
INFO: [Synth 8-3886] merging instance 'mem_reg[0][27]' (LDC) to 'mem_reg[0][28]'
INFO: [Synth 8-3886] merging instance 'mem_reg[0][28]' (LDC) to 'mem_reg[0][29]'
INFO: [Synth 8-3886] merging instance 'mem_reg[0][29]' (LDC) to 'mem_reg[0][30]'
INFO: [Synth 8-3886] merging instance 'mem_reg[0][30]' (LDC) to 'mem_reg[0][31]'
INFO: [Synth 8-3333] propagating constant 0 across sequential element (\mem_reg[0][31] )
INFO: [Synth 8-3886] merging instance 'mem_reg[1][16]' (LDC) to 'mem_reg[1][17]'
INFO: [Synth 8-3886] merging instance 'mem_reg[1][17]' (LDC) to 'mem_reg[1][18]'
INFO: [Synth 8-3886] merging instance 'mem_reg[1][18]' (LDC) to 'mem_reg[1][19]'
INFO: [Synth 8-3886] merging instance 'mem_reg[1][19]' (LDC) to 'mem_reg[1][20]'
INFO: [Synth 8-3886] merging instance 'mem_reg[1][20]' (LDC) to 'mem_reg[1][21]'
INFO: [Synth 8-3886] merging instance 'mem_reg[1][21]' (LDC) to 'mem_reg[1][22]'
INFO: [Synth 8-3886] merging instance 'mem_reg[1][22]' (LDC) to 'mem_reg[1][23]'
INFO: [Synth 8-3886] merging instance 'mem_reg[1][23]' (LDC) to 'mem_reg[1][24]'
INFO: [Synth 8-3886] merging instance 'mem_reg[1][24]' (LDC) to 'mem_reg[1][25]'
INFO: [Synth 8-3886] merging instance 'mem_reg[1][25]' (LDC) to 'mem_reg[1][26]'
INFO: [Synth 8-3886] merging instance 'mem_reg[1][26]' (LDC) to 'mem_reg[1][27]'
INFO: [Synth 8-3886] merging instance 'mem_reg[1][27]' (LDC) to 'mem_reg[1][28]'
INFO: [Synth 8-3886] merging instance 'mem_reg[1][28]' (LDC) to 'mem_reg[1][29]'
INFO: [Synth 8-3886] merging instance 'mem_reg[1][29]' (LDC) to 'mem_reg[1][30]'
INFO: [Synth 8-3886] merging instance 'mem_reg[1][30]' (LDC) to 'mem_reg[1][31]'
INFO: [Synth 8-3333] propagating constant 0 across sequential element (\mem_reg[1][31] )
INFO: [Synth 8-3886] merging instance 'mem_reg[2][16]' (LDC) to 'mem_reg[2][31]'
INFO: [Synth 8-3886] merging instance 'mem_reg[2][17]' (LDC) to 'mem_reg[2][31]'
INFO: [Synth 8-3886] merging instance 'mem_reg[2][18]' (LDC) to 'mem_reg[2][31]'
INFO: [Synth 8-3886] merging instance 'mem_reg[2][19]' (LDC) to 'mem_reg[2][31]'
INFO: [Synth 8-3886] merging instance 'mem_reg[2][20]' (LDC) to 'mem_reg[2][31]'
INFO: [Synth 8-3886] merging instance 'mem_reg[2][21]' (LDC) to 'mem_reg[2][31]'
INFO: [Synth 8-3886] merging instance 'mem_reg[2][22]' (LDC) to 'mem_reg[2][31]'
INFO: [Synth 8-3886] merging instance 'mem_reg[2][23]' (LDC) to 'mem_reg[2][31]'
INFO: [Synth 8-3886] merging instance 'mem_reg[2][24]' (LDC) to 'mem_reg[2][31]'
INFO: [Synth 8-3886] merging instance 'mem_reg[2][25]' (LDC) to 'mem_reg[2][31]'
INFO: [Synth 8-3886] merging instance 'mem_reg[2][26]' (LDC) to 'mem_reg[2][31]'
INFO: [Synth 8-3886] merging instance 'mem_reg[2][27]' (LDC) to 'mem_reg[2][31]'
INFO: [Synth 8-3886] merging instance 'mem_reg[2][28]' (LDC) to 'mem_reg[2][31]'
INFO: [Synth 8-3886] merging instance 'mem_reg[2][29]' (LDC) to 'mem_reg[2][31]'
INFO: [Synth 8-3886] merging instance 'mem_reg[2][30]' (LDC) to 'mem_reg[2][31]'
INFO: [Synth 8-3333] propagating constant 0 across sequential element (\mem_reg[2][31] )
INFO: [Common 17-14] Message 'Synth 8-5545' appears 100 times and further instances of the messages will be disabled. Use the Tcl command set_msg_config to change the current settings.
INFO: [Common 17-14] Message 'Synth 8-5545' appears 100 times and further instances of the messages will be disabled. Use the Tcl command set_msg_config to change the current settings.
WARNING: [Synth 8-3331] design memory has unconnected port wr_en
WARNING: [Synth 8-3331] design memory has unconnected port rst
INFO: [Synth 8-3886] merging instance 'instruction_mem/dout_reg[11]' (FDE) to 'instruction_mem/dout_reg[0]'
INFO: [Synth 8-3886] merging instance 'instruction_mem/dout_reg[12]' (FDE) to 'instruction_mem/dout_reg[0]'
INFO: [Synth 8-3886] merging instance 'instruction_mem/dout_reg[13]' (FDE) to 'instruction_mem/dout_reg[0]'
INFO: [Synth 8-3886] merging instance 'instruction_mem/dout_reg[14]' (FDE) to 'instruction_mem/dout_reg[0]'
INFO: [Synth 8-3886] merging instance 'instruction_mem/dout_reg[15]' (FDE) to 'instruction_mem/dout_reg[0]'
INFO: [Synth 8-3886] merging instance 'instruction_mem/dout_reg[10]' (FDE) to 'instruction_mem/dout_reg[0]'
INFO: [Synth 8-3886] merging instance 'instruction_mem/dout_reg[9]' (FDE) to 'instruction_mem/dout_reg[0]'
INFO: [Synth 8-3886] merging instance 'instruction_mem/dout_reg[7]' (FDE) to 'instruction_mem/dout_reg[0]'
INFO: [Synth 8-3886] merging instance 'instruction_mem/dout_reg[6]' (FDE) to 'instruction_mem/dout_reg[0]'
INFO: [Synth 8-3886] merging instance 'instruction_mem/dout_reg[8]' (FDE) to 'instruction_mem/dout_reg[0]'
INFO: [Synth 8-3886] merging instance 'instruction_mem/dout_reg[21]' (FDE) to 'instruction_mem/dout_reg[0]'
INFO: [Synth 8-3886] merging instance 'instruction_mem/dout_reg[22]' (FDE) to 'instruction_mem/dout_reg[0]'
INFO: [Synth 8-3886] merging instance 'instruction_mem/dout_reg[23]' (FDE) to 'instruction_mem/dout_reg[0]'
INFO: [Synth 8-3886] merging instance 'instruction_mem/dout_reg[24]' (FDE) to 'instruction_mem/dout_reg[0]'
INFO: [Synth 8-3886] merging instance 'instruction_mem/dout_reg[25]' (FDE) to 'instruction_mem/dout_reg[0]'
INFO: [Synth 8-3886] merging instance 'instruction_mem/dout_reg[1]' (FDE) to 'instruction_mem/dout_reg[0]'
INFO: [Synth 8-3886] merging instance 'instruction_mem/dout_reg[5]' (FDE) to 'instruction_mem/dout_reg[0]'
INFO: [Synth 8-3886] merging instance 'instruction_mem/dout_reg[3]' (FDE) to 'instruction_mem/dout_reg[0]'
INFO: [Synth 8-3886] merging instance 'instruction_mem/dout_reg[4]' (FDE) to 'instruction_mem/dout_reg[0]'
INFO: [Synth 8-3886] merging instance 'instruction_mem/dout_reg[2]' (FDE) to 'instruction_mem/dout_reg[0]'
INFO: [Synth 8-3886] merging instance 'instruction_mem/dout_reg[0]' (FDE) to 'instruction_mem/dout_reg[16]'
INFO: [Synth 8-3886] merging instance 'instruction_mem/dout_reg[16]' (FDE) to 'instruction_mem/dout_reg[17]'
INFO: [Synth 8-3886] merging instance 'instruction_mem/dout_reg[17]' (FDE) to 'instruction_mem/dout_reg[18]'
INFO: [Synth 8-3886] merging instance 'instruction_mem/dout_reg[18]' (FDE) to 'instruction_mem/dout_reg[19]'
INFO: [Synth 8-3886] merging instance 'instruction_mem/dout_reg[19]' (FDE) to 'instruction_mem/dout_reg[20]'
INFO: [Synth 8-3886] merging instance 'instruction_mem/dout_reg[20]' (FDE) to 'instruction_mem/dout_reg[26]'
INFO: [Synth 8-3886] merging instance 'instruction_mem/dout_reg[26]' (FDE) to 'instruction_mem/dout_reg[27]'
INFO: [Synth 8-3886] merging instance 'instruction_mem/dout_reg[27]' (FDE) to 'instruction_mem/dout_reg[28]'
INFO: [Synth 8-3886] merging instance 'instruction_mem/dout_reg[30]' (FDE) to 'instruction_mem/dout_reg[28]'
INFO: [Synth 8-3886] merging instance 'instruction_mem/dout_reg[28]' (FDE) to 'instruction_mem/dout_reg[29]'
INFO: [Synth 8-3886] merging instance 'instruction_mem/dout_reg[29]' (FDE) to 'instruction_mem/dout_reg[31]'
INFO: [Synth 8-3333] propagating constant 0 across sequential element (instruction_mem/\dout_reg[31] )
WARNING: [Synth 8-3332] Sequential element (dout_reg[31]) is unused and will be removed from module memory.
---------------------------------------------------------------------------------
Finished Cross Boundary and Area Optimization : Time (s): cpu = 00:03:13 ; elapsed = 00:03:48 . Memory (MB): peak = 1194.109 ; gain = 889.145
---------------------------------------------------------------------------------

Report RTL Partitions: 
+------+--------------------+------------+----------+
|      |RTL Partition       |Replication |Instances |
+------+--------------------+------------+----------+
|1     |static_memory__GB0  |           1|     34969|
|2     |static_memory__GB1  |           1|     17769|
|3     |static_memory__GB2  |           1|     10217|
|4     |static_memory__GB3  |           1|     11117|
|5     |static_memory__GB4  |           1|      5600|
|6     |static_memory__GB5  |           1|     17581|
|7     |static_memory__GB6  |           1|      8538|
|8     |static_memory__GB7  |           1|      8435|
|9     |static_memory__GB8  |           1|      1931|
|10    |static_memory__GB9  |           1|      8719|
|11    |static_memory__GB10 |           1|      5973|
|12    |static_memory__GB11 |           1|       571|
|13    |mips_processor__GC0 |           1|        96|
+------+--------------------+------------+----------+
No constraint files found.
---------------------------------------------------------------------------------
Start Timing Optimization
---------------------------------------------------------------------------------
---------------------------------------------------------------------------------
Finished Timing Optimization : Time (s): cpu = 00:03:14 ; elapsed = 00:03:49 . Memory (MB): peak = 1194.109 ; gain = 889.145
---------------------------------------------------------------------------------

Report RTL Partitions: 
+-+--------------+------------+----------+
| |RTL Partition |Replication |Instances |
+-+--------------+------------+----------+
+-+--------------+------------+----------+
---------------------------------------------------------------------------------
Start Technology Mapping
---------------------------------------------------------------------------------
Warning: Parallel synthesis criteria is not met 
---------------------------------------------------------------------------------
Finished Technology Mapping : Time (s): cpu = 00:03:14 ; elapsed = 00:03:49 . Memory (MB): peak = 1194.109 ; gain = 889.145
---------------------------------------------------------------------------------

Report RTL Partitions: 
+-+--------------+------------+----------+
| |RTL Partition |Replication |Instances |
+-+--------------+------------+----------+
+-+--------------+------------+----------+
---------------------------------------------------------------------------------
Start IO Insertion
---------------------------------------------------------------------------------
---------------------------------------------------------------------------------
Start Flattening Before IO Insertion
---------------------------------------------------------------------------------
---------------------------------------------------------------------------------
Finished Flattening Before IO Insertion
---------------------------------------------------------------------------------
---------------------------------------------------------------------------------
Start Final Netlist Cleanup
---------------------------------------------------------------------------------
---------------------------------------------------------------------------------
Finished Final Netlist Cleanup
---------------------------------------------------------------------------------
---------------------------------------------------------------------------------
Finished IO Insertion : Time (s): cpu = 00:03:14 ; elapsed = 00:03:50 . Memory (MB): peak = 1194.109 ; gain = 889.145
---------------------------------------------------------------------------------

Report Check Netlist: 
+------+------------------+-------+---------+-------+------------------+
|      |Item              |Errors |Warnings |Status |Description       |
+------+------------------+-------+---------+-------+------------------+
|1     |multi_driven_nets |      0|        0|Passed |Multi driven nets |
+------+------------------+-------+---------+-------+------------------+
---------------------------------------------------------------------------------
Start Renaming Generated Instances
---------------------------------------------------------------------------------
---------------------------------------------------------------------------------
Finished Renaming Generated Instances : Time (s): cpu = 00:03:14 ; elapsed = 00:03:50 . Memory (MB): peak = 1194.109 ; gain = 889.145
---------------------------------------------------------------------------------

Report RTL Partitions: 
+-+--------------+------------+----------+
| |RTL Partition |Replication |Instances |
+-+--------------+------------+----------+
+-+--------------+------------+----------+
---------------------------------------------------------------------------------
Start Rebuilding User Hierarchy
---------------------------------------------------------------------------------
---------------------------------------------------------------------------------
Finished Rebuilding User Hierarchy : Time (s): cpu = 00:03:14 ; elapsed = 00:03:50 . Memory (MB): peak = 1194.109 ; gain = 889.145
---------------------------------------------------------------------------------
---------------------------------------------------------------------------------
Start Renaming Generated Ports
---------------------------------------------------------------------------------
---------------------------------------------------------------------------------
Finished Renaming Generated Ports : Time (s): cpu = 00:03:14 ; elapsed = 00:03:50 . Memory (MB): peak = 1194.109 ; gain = 889.145
---------------------------------------------------------------------------------
---------------------------------------------------------------------------------
Start Handling Custom Attributes
---------------------------------------------------------------------------------
---------------------------------------------------------------------------------
Finished Handling Custom Attributes : Time (s): cpu = 00:03:14 ; elapsed = 00:03:50 . Memory (MB): peak = 1194.109 ; gain = 889.145
---------------------------------------------------------------------------------
---------------------------------------------------------------------------------
Start Renaming Generated Nets
---------------------------------------------------------------------------------
---------------------------------------------------------------------------------
Finished Renaming Generated Nets : Time (s): cpu = 00:03:14 ; elapsed = 00:03:50 . Memory (MB): peak = 1194.109 ; gain = 889.145
---------------------------------------------------------------------------------
---------------------------------------------------------------------------------
Start Writing Synthesis Report
---------------------------------------------------------------------------------

Report BlackBoxes: 
+-+--------------+----------+
| |BlackBox name |Instances |
+-+--------------+----------+
+-+--------------+----------+

Report Cell Usage: 
+-+-----+------+
| |Cell |Count |
+-+-----+------+
+-+-----+------+

Report Instance Areas: 
+------+---------+-------+------+
|      |Instance |Module |Cells |
+------+---------+-------+------+
|1     |top      |       |     0|
+------+---------+-------+------+
---------------------------------------------------------------------------------
Finished Writing Synthesis Report : Time (s): cpu = 00:03:14 ; elapsed = 00:03:50 . Memory (MB): peak = 1194.109 ; gain = 889.145
---------------------------------------------------------------------------------
Synthesis finished with 0 errors, 0 critical warnings and 1084 warnings.
Synthesis Optimization Runtime : Time (s): cpu = 00:03:14 ; elapsed = 00:03:50 . Memory (MB): peak = 1194.109 ; gain = 889.145
Synthesis Optimization Complete : Time (s): cpu = 00:03:14 ; elapsed = 00:03:50 . Memory (MB): peak = 1194.109 ; gain = 889.145
INFO: [Project 1-571] Translating synthesized netlist
INFO: [Project 1-570] Preparing netlist for logic optimization
INFO: [Opt 31-138] Pushed 0 inverter(s) to 0 load pin(s).
INFO: [Project 1-111] Unisim Transformation Summary:
No Unisim elements were transformed.

INFO: [Common 17-83] Releasing license: Synthesis
314 Infos, 226 Warnings, 0 Critical Warnings and 0 Errors encountered.
synth_design completed successfully
synth_design: Time (s): cpu = 00:03:42 ; elapsed = 00:04:18 . Memory (MB): peak = 1194.109 ; gain = 950.312
WARNING: [Constraints 18-5210] No constraint will be written out.
INFO: [Common 17-1381] The checkpoint 'D:/digital project/single_cycle_MIPS/project_1/project_1.runs/synth_1/mips_processor.dcp' has been generated.
INFO: [runtcl-4] Executing : report_utilization -file mips_processor_utilization_synth.rpt -pb mips_processor_utilization_synth.pb
report_utilization: Time (s): cpu = 00:00:01 ; elapsed = 00:00:00.285 . Memory (MB): peak = 1194.109 ; gain = 0.000
INFO: [Common 17-206] Exiting Vivado at Wed Nov 20 20:41:06 2024...
